<?xml version="1.0" encoding="UTF-8"?>
<!-- Generated by org.testng.reporters.JUnitReportReporter -->
<testsuite hostname="DESKTOP-ER" failures="0" tests="2" name="Login.ParralerTest" time="10.733" errors="0" timestamp="2025-04-13T17:19:22 IST" skipped="0">
  <testcase classname="Login.ParralerTest" name="laungoogle2" time="5.380"/>
  <testcase classname="Login.ParralerTest" name="laungoogle" time="5.353"/>
</testsuite> <!-- Login.ParralerTest -->
