<?xml version="1.0" encoding="UTF-8"?>
<!-- Generated by org.testng.reporters.JUnitReportReporter -->
<testsuite hostname="DESKTOP-ER" failures="0" tests="1" name="Login.AmazonDataDriven" time="15.594" errors="0" timestamp="2025-02-20T23:54:49 IST" skipped="0">
  <testcase classname="Login.AmazonDataDriven" name="searchProduct" time="15.594"/>
</testsuite> <!-- Login.AmazonDataDriven -->
