<?xml version="1.0" encoding="UTF-8"?>
<!-- Generated by org.testng.reporters.JUnitReportReporter -->
<testsuite hostname="DESKTOP-ER" failures="0" tests="1" name="Login.test" time="0.022" errors="0" timestamp="2025-02-11T20:34:57 IST" skipped="0">
  <testcase classname="Login.test" name="psvm" time="0.022"/>
</testsuite> <!-- Login.test -->
